app/build/outputs/mapping/release/seeds.txt
com.mval.ticketprinter.BtConnect
com.mval.ticketprinter.SettingsActivity
com.mval.ticketprinter.MainActivity
com.mval.ticketprinter.SettingsActivity: SettingsActivity()
com.mval.ticketprinter.BtConnect: BtConnect()
com.mval.ticketprinter.MainActivity: MainActivity()
...
com.google.android.material.textfield.TextInputLayout: void setDefaultHintTextColor(android.content.res.ColorStateList)
androidx.appcompat.widget.AppCompatImageButton: void setSupportImageTintList(android.content.res.ColorStateList)
androidx.recyclerview.widget.RecyclerView: void setHasFixedSize(boolean)
androidx.core.view.ViewCompat$Api19Impl: boolean isLayoutDirectionResolved(android.view.View)
androidx.core.view.WindowInsetsCompat$Impl29: androidx.core.graphics.Insets getSystemGestureInsets()
androidx.core.widget.ImageViewCompat$Api21Impl: void setImageTintList(android.widget.ImageView,android.content.res.ColorStateList)
androidx.coordinatorlayout.widget.CoordinatorLayout: void setStatusBarBackgroundResource(int)
androidx.core.view.accessibility.AccessibilityManagerCompat$Api19Impl: boolean removeTouchExplorationStateChangeListenerWrapper(android.view.accessibility.AccessibilityManager,androidx.core.view.accessibility.AccessibilityManagerCompat$TouchExplorationStateChangeListener)
androidx.appcompat.widget.ActionMenuView: void setOverflowReserved(boolean)
androidx.core.graphics.drawable.DrawableCompat$Api21Impl: void inflate(android.graphics.drawable.Drawable,android.content.res.Resources,org.xmlpull.v1.XmlPullParser,android.util.AttributeSet,android.content.res.Resources$Theme)
com.google.android.material.search.SearchBar$ScrollingViewBehavior: SearchBar$ScrollingViewBehavior()
androidx.vectordrawable.graphics.drawable.VectorDrawableCompat$VFullPath: void setStrokeAlpha(float)
androidx.recyclerview.widget.RecyclerView: void setScrollingTouchSlop(int)
androidx.appcompat.widget.Toolbar: void setOverflowIcon(android.graphics.drawable.Drawable)
androidx.core.view.animation.PathInterpolatorCompat$Api21Impl: android.view.animation.PathInterpolator createPathInterpolator(float,float)
com.google.android.material.checkbox.MaterialCheckBox: android.graphics.PorterDuff$Mode getButtonIconTintMode()
com.google.android.material.textfield.TextInputLayout: void setCounterEnabled(boolean)
androidx.core.app.ActivityCompat$Api16Impl: void finishAffinity(android.app.Activity)
com.google.android.material.button.MaterialButton: MaterialButton(android.content.Context,android.util.AttributeSet)
androidx.appcompat.widget.SearchView: int getImeOptions()
androidx.core.view.MarginLayoutParamsCompat$Api17Impl: void setLayoutDirection(android.view.ViewGroup$MarginLayoutParams,int)
androidx.appcompat.widget.AppCompatReceiveContentHelper$OnDropApi24Impl: boolean onDropForTextView(android.view.DragEvent,android.widget.TextView,android.app.Activity)
androidx.core.view.ViewCompat$Api26Impl: boolean isFocusedByDefault(android.view.View)
androidx.appcompat.widget.Toolbar: void setCollapseIcon(android.graphics.drawable.Drawable)
androidx.core.view.ViewCompat$Api21Impl: boolean startNestedScroll(android.view.View,int)
androidx.core.graphics.drawable.IconCompat$Api26Impl: android.graphics.drawable.Drawable createAdaptiveIconDrawable(android.graphics.drawable.Drawable,android.graphics.drawable.Drawable)
androidx.core.view.accessibility.AccessibilityEventCompat$Api19Impl: int getContentChangeTypes(android.view.accessibility.AccessibilityEvent)
com.google.android.material.checkbox.MaterialCheckBox: void setButtonIconTintMode(android.graphics.PorterDuff$Mode)
androidx.appcompat.app.AppCompatDelegate$Api33Impl: void localeManagerSetApplicationLocales(java.lang.Object,android.os.LocaleList)
androidx.appcompat.widget.LinearLayoutCompat: android.graphics.drawable.Drawable getDividerDrawable()
com.google.android.material.chip.Chip: void setCloseIconSizeResource(int)
com.google.android.material.chip.Chip: float getIconEndPadding()
com.google.android.material.checkbox.MaterialCheckBox: java.lang.String getButtonStateDescription()
androidx.core.view.WindowInsetsCompat$Impl29: void setStableInsets(androidx.core.graphics.Insets)
com.google.android.material.appbar.MaterialToolbar: android.widget.ImageView$ScaleType getLogoScaleType()