app/build/outputs/mapping/release/mapping.txt
# compiler: R8
# compiler_version: 8.1.65
# min_api: 21
# common_typos_disable
# {"id":"com.android.tools.r8.mapping","version":"2.2"}
# pg_map_id: cea369f
# pg_map_hash: SHA-256 cea369f698746d9adf6abb228fbe99a5889f779548b0c4c29f1c66852bafecfa
com.mval.ticketprinter.BtConnect -> com.mval.ticketprinter.BtConnect:
    int $r8$clinit -> A
    android.bluetooth.BluetoothAdapter bluetoothAdapter -> u
    java.util.List bluetoothDevices -> v
    android.widget.ArrayAdapter deviceListAdapter -> w
    android.content.BroadcastReceiver bluetoothReceiver -> x
    android.widget.Button buttonScan -> y
    android.widget.ListView listViewDevices -> z
    51:145:void startBluetoothDiscovery():0:0 -> o
    51:145:void enableBluetoothAndDiscover():0 -> o
    122:166:void setupBluetoothReceiver():0:0 -> onCreate
    122:166:void onCreate(android.os.Bundle):0 -> onCreate
    167:174:void onCreate(android.os.Bundle):0:0 -> onCreate
com.mval.ticketprinter.BtConnect$$ExternalSyntheticLambda0 -> y2.a:
# {"id":"sourceFile","fileName":"R8$$SyntheticClass"}
# {"id":"com.android.tools.r8.synthesized"}
    com.mval.ticketprinter.BtConnect com.mval.ticketprinter.BtConnect$$InternalSyntheticLambda$2$e2061ae5b9e2b7dd4a6b898c9d16246edb856fc98b636a968400b9b137d3e839$0.f$0 -> a
    1:1:void com.mval.ticketprinter.BtConnect$$InternalSyntheticLambda$2$e2061ae5b9e2b7dd4a6b898c9d16246edb856fc98b636a968400b9b137d3e839$0.<init>(com.mval.ticketprinter.BtConnect):0:0 -> <init>
      # {"id":"com.android.tools.r8.synthesized"}
    3:105:void com.mval.ticketprinter.BtConnect.setupBluetoothReceiver$lambda$4(com.mval.ticketprinter.BtConnect,android.widget.AdapterView,android.view.View,int,long):0:0 -> onItemClick
    3:105:void com.mval.ticketprinter.BtConnect$$InternalSyntheticLambda$2$e2061ae5b9e2b7dd4a6b898c9d16246edb856fc98b636a968400b9b137d3e839$0.onItemClick(android.widget.AdapterView,android.view.View,int,long):0 -> onItemClick
      # {"id":"com.android.tools.r8.synthesized"}
com.mval.ticketprinter.MainActivity -> com.mval.ticketprinter.MainActivity:
    android.widget.Button buttonPrint -> A
    android.widget.Button buttonSettings -> B
    android.widget.Button buttonConexionBt -> C
    android.widget.Button buttonShareCard -> D
    java.util.ArrayList productList -> E
    com.mval.ticketprinter.ProductAdapter adapter -> F
    android.graphics.Bitmap logoBitmap -> G
    java.lang.String headerText -> H
    java.lang.String footerText -> I
    boolean printDateTime -> J
    boolean enableQrCode -> K
    java.lang.String qrCodeText -> L
    android.graphics.Bitmap qrImageBitmap -> M
    int ticketPaperWidth -> N
    android.bluetooth.BluetoothAdapter bluetoothAdapter -> O
    android.bluetooth.BluetoothSocket bluetoothSocket -> P
    java.lang.String bluetoothDeviceAddress -> Q
    java.util.UUID SPP_UUID -> R
    int REQUEST_SELECT_DEVICE -> S
    androidx.activity.result.ActivityResultLauncher enableBtLauncher -> T
    androidx.activity.result.ActivityResultLauncher bluetoothPermissionLauncher -> U
    int $r8$clinit -> V
    android.widget.EditText editTextProductName -> u
    android.widget.EditText editTextQuantity -> v
    android.widget.EditText editTextPrice -> w
    android.widget.Button buttonAddProduct -> x
    androidx.recyclerview.widget.RecyclerView recyclerViewItems -> y
    android.widget.TextView textViewTotal -> z
    35:40:void androidx.activity.result.ActivityResultLauncher.launch(java.lang.Object):0:0 -> o
...
androidx.core.view.WindowInsetsCompat$BuilderImpl -> e0.s1:
    androidx.core.view.WindowInsetsCompat mInsets -> a
    androidx.core.graphics.Insets[] mInsetsTypeMask -> b
    1:1:void <init>():0:0 -> <init>
    2:2:void <init>(androidx.core.view.WindowInsetsCompat):0:0 -> <init>
      # {"id":"com.android.tools.r8.residualsignature","signature":"(Le0/a2;)V"}
    1:1:void applyInsetTypes():0:0 -> a
    androidx.core.view.WindowInsetsCompat build() -> b
      # {"id":"com.android.tools.r8.residualsignature","signature":"()Le0/a2;"}
    1:1:void setInsets(int,androidx.core.graphics.Insets):0:0 -> c
      # {"id":"com.android.tools.r8.residualsignature","signature":"(ILw/c;)V"}
    1:1:void setMandatorySystemGestureInsets(androidx.core.graphics.Insets):0:0 -> d
      # {"id":"com.android.tools.r8.residualsignature","signature":"(Lw/c;)V"}
    void setStableInsets(androidx.core.graphics.Insets) -> e
      # {"id":"com.android.tools.r8.residualsignature","signature":"(Lw/c;)V"}
    1:1:void setSystemGestureInsets(androidx.core.graphics.Insets):0:0 -> f
      # {"id":"com.android.tools.r8.residualsignature","signature":"(Lw/c;)V"}
    void setSystemWindowInsets(androidx.core.graphics.Insets) -> g
      # {"id":"com.android.tools.r8.residualsignature","signature":"(Lw/c;)V"}
    1:1:void setTappableElementInsets(androidx.core.graphics.Insets):0:0 -> h
      # {"id":"com.android.tools.r8.residualsignature","signature":"(Lw/c;)V"}
androidx.core.view.WindowInsetsCompat$BuilderImpl20 -> e0.p1:
    android.view.WindowInsets mPlatformInsets -> c
    androidx.core.graphics.Insets mStableInsets -> d
    java.lang.reflect.Field sConsumedField -> e
    boolean sConsumedFieldFetched -> f
    java.lang.reflect.Constructor sConstructor -> g
    boolean sConstructorFetched -> h
    1:1:void <init>():0:0 -> <init>
    2:2:void <init>(androidx.core.view.WindowInsetsCompat):0:0 -> <init>
      # {"id":"com.android.tools.r8.residualsignature","signature":"(Le0/a2;)V"}
    7:10:androidx.core.view.WindowInsetsCompat androidx.core.view.WindowInsetsCompat.toWindowInsetsCompat(android.view.WindowInsets):0:0 -> b
    7:10:androidx.core.view.WindowInsetsCompat build():0 -> b
      # {"id":"com.android.tools.r8.residualsignature","signature":"()Le0/a2;"}
    11:12:androidx.core.view.WindowInsetsCompat build():0:0 -> b
    13:17:void androidx.core.view.WindowInsetsCompat.setOverriddenInsets(androidx.core.graphics.Insets[]):0:0 -> b
    13:17:androidx.core.view.WindowInsetsCompat build():0 -> b
    18:19:androidx.core.view.WindowInsetsCompat build():0:0 -> b
    20:23:void androidx.core.view.WindowInsetsCompat.setStableInsets(androidx.core.graphics.Insets):0:0 -> b
    20:23:androidx.core.view.WindowInsetsCompat build():0 -> b
    1:1:void setStableInsets(androidx.core.graphics.Insets):0:0 -> e
      # {"id":"com.android.tools.r8.residualsignature","signature":"(Lw/c;)V"}