app/build/outputs/mapping/release/usage.txt
com.mval.ticketprinter.BtConnect:
    private static final int REQUEST_BLUETOOTH_PERMISSIONS
    private static final int REQUEST_ENABLE_BLUETOOTH
com.mval.ticketprinter.Product:
    public final java.lang.String component1()
    public final int component2()
    public final double component3()
    public final com.mval.ticketprinter.Product copy(java.lang.String,int,double)
    public static synthetic com.mval.ticketprinter.Product copy$default(com.mval.ticketprinter.Product,java.lang.String,int,double,int,java.lang.Object)
com.mval.ticketprinter.ProductAdapter$ProductViewHolder:
    public final android.widget.Button getButtonDelete()
    public final android.widget.Button getButtonEdit()
com.mval.ticketprinter.R$color
com.mval.ticketprinter.R$drawable
com.mval.ticketprinter.R$id:
    public static int textViewTotalLabel
    private void <init>()
com.mval.ticketprinter.R$layout:
    private void <init>()
com.mval.ticketprinter.R$menu:
    private void <init>()
com.mval.ticketprinter.R$mipmap
com.mval.ticketprinter.R$style
com.mval.ticketprinter.R
com.mval.ticketprinter.SettingsActivity:
    public static final int DEFAULT_PAPER_WIDTH
    public static final java.lang.String KEY_FOOTER
    public static final java.lang.String KEY_HEADER
    public static final java.lang.String KEY_LOGO_PATH
    public static final java.lang.String KEY_PAPER_WIDTH
    public static final java.lang.String KEY_PRINT_DATE_TIME
    public static final java.lang.String KEY_QR_PATH
    public static final java.lang.String PREFS_NAME
com.mval.ticketprinter.BtConnect$$InternalSyntheticLambda$1$916c9a9d6af457afc98d34d5af8627b3b4925f9030154931304ed0c489025a8d$0
com.mval.ticketprinter.BtConnect$Companion
com.mval.ticketprinter.BtConnect$setupBluetoothReceiver$1
com.mval.ticketprinter.BtConnect:
    public static final com.google.android.material.shape.EdgeTreatment Companion
    public static void <clinit>()
    public static final synthetic java.util.List access$getBluetoothDevices$p()
    public static final synthetic android.widget.ArrayAdapter access$getDeviceListAdapter$p()
    public static void checkBluetoothPermissions()
    public static void setupBluetoothReceiver()
    public static void startBluetoothDiscovery()
com.mval.ticketprinter.MainActivity$$InternalSyntheticLambda$1$15d1e647fd124d4f2efd6b97080f3ca02d8cf683e79ae889c213c7ee64fe99d9$1
com.mval.ticketprinter.MainActivity$$InternalSyntheticLambda$1$15d1e647fd124d4f2efd6b97080f3ca02d8cf683e79ae889c213c7ee64fe99d9$3
com.mval.ticketprinter.MainActivity$$InternalSyntheticLambda$1$15d1e647fd124d4f2efd6b97080f3ca02d8cf683e79ae889c213c7ee64fe99d9$4
com.mval.ticketprinter.MainActivity$$InternalSyntheticLambda$1$15d1e647fd124d4f2efd6b97080f3ca02d8cf683e79ae889c213c7ee64fe99d9$5
com.mval.ticketprinter.MainActivity$$InternalSyntheticLambda$1$15d1e647fd124d4f2efd6b97080f3ca02d8cf683e79ae889c213c7ee64fe99d9$6
com.mval.ticketprinter.MainActivity$$InternalSyntheticLambda$2$4a6b46e45a5342c2f6c7bfe8748618779fc93bcb520f93d7b75b6e8f78e7e042$0
com.mval.ticketprinter.MainActivity$$InternalSyntheticLambda$3$8066f2af303765cfa572978f420183db4120bbfb67c3f838910af3d23fa7de23$0
com.mval.ticketprinter.MainActivity$$InternalSyntheticLambda$3$b33fab0e3405ca14c79179e7592e875323a7f47ecbd29bb49f42b3c76d511e5d$1
com.mval.ticketprinter.MainActivity$$InternalSyntheticLambda$3$b33fab0e3405ca14c79179e7592e875323a7f47ecbd29bb49f42b3c76d511e5d$2
com.mval.ticketprinter.MainActivity$$InternalSyntheticLambda$3$b33fab0e3405ca14c79179e7592e875323a7f47ecbd29bb49f42b3c76d511e5d$3
com.mval.ticketprinter.MainActivity$$InternalSyntheticLambda$3$ca621ce67b8735c973199f1bfa85fa1cc034f94237b23a969762457ae0fe31b1$1
com.mval.ticketprinter.MainActivity$$InternalSyntheticLambda$4$c0c1f4dae82cd30e49472b477e6919810ee432614c63237d5cfcdbbdce6b9ed3$0
com.mval.ticketprinter.MainActivity$$InternalSyntheticLambda$4$c0c1f4dae82cd30e49472b477e6919810ee432614c63237d5cfcdbbdce6b9ed3$1
...
kotlin.jvm.internal.Reflection:
    static final java.lang.String REFLECTION_NOT_AVAILABLE
    public void <init>()
    public static kotlin.reflect.KClass createKotlinClass(java.lang.Class)
    public static kotlin.reflect.KClass createKotlinClass(java.lang.Class,java.lang.String)
    public static kotlin.reflect.KFunction function(kotlin.jvm.internal.FunctionReference)
    public static kotlin.reflect.KClass getOrCreateKotlinClass(java.lang.Class,java.lang.String)
    public static kotlin.reflect.KClass[] getOrCreateKotlinClasses(java.lang.Class[])
    public static kotlin.reflect.KDeclarationContainer getOrCreateKotlinPackage(java.lang.Class)
    public static kotlin.reflect.KDeclarationContainer getOrCreateKotlinPackage(java.lang.Class,java.lang.String)
    public static kotlin.reflect.KType mutableCollectionType(kotlin.reflect.KType)
    public static kotlin.reflect.KMutableProperty0 mutableProperty0(kotlin.jvm.internal.MutablePropertyReference0)
    public static kotlin.reflect.KMutableProperty1 mutableProperty1(kotlin.jvm.internal.MutablePropertyReference1)
    public static kotlin.reflect.KMutableProperty2 mutableProperty2(kotlin.jvm.internal.MutablePropertyReference2)
    public static kotlin.reflect.KType nothingType(kotlin.reflect.KType)
    public static kotlin.reflect.KType nullableTypeOf(java.lang.Class)
    public static kotlin.reflect.KType nullableTypeOf(java.lang.Class,kotlin.reflect.KTypeProjection)
kotlin.jvm.internal.ReflectionFactory:
    private static final java.lang.String KOTLIN_JVM_FUNCTIONS
    public kotlin.reflect.KClass createKotlinClass(java.lang.Class)
    public kotlin.reflect.KClass createKotlinClass(java.lang.Class,java.lang.String)
    public kotlin.reflect.KFunction function(kotlin.jvm.internal.FunctionReference)
    public kotlin.reflect.KClass getOrCreateKotlinClass(java.lang.Class,java.lang.String)
    public kotlin.reflect.KDeclarationContainer getOrCreateKotlinPackage(java.lang.Class,java.lang.String)
    public kotlin.reflect.KType mutableCollectionType(kotlin.reflect.KType)
    public kotlin.reflect.KMutableProperty0 mutableProperty0(kotlin.jvm.internal.MutablePropertyReference0)
    public kotlin.reflect.KMutableProperty1 mutableProperty1(kotlin.jvm.internal.MutablePropertyReference1)
    public kotlin.reflect.KMutableProperty2 mutableProperty2(kotlin.jvm.internal.MutablePropertyReference2)
    public kotlin.reflect.KType nothingType(kotlin.reflect.KType)
    public kotlin.reflect.KType platformType(kotlin.reflect.KType,kotlin.reflect.KType)
    public kotlin.reflect.KProperty0 property0(kotlin.jvm.internal.PropertyReference0)
    public kotlin.reflect.KProperty1 property1(kotlin.jvm.internal.PropertyReference1)
    public kotlin.reflect.KProperty2 property2(kotlin.jvm.internal.PropertyReference2)
    public void setUpperBounds(kotlin.reflect.KTypeParameter,java.util.List)
kotlin.jvm.internal.RepeatableContainer
kotlin.jvm.internal.SerializedIr
kotlin.jvm.internal.ShortCompanionObject
kotlin.jvm.internal.ShortSpreadBuilder
kotlin.jvm.internal.SourceDebugExtension
kotlin.jvm.internal.SpreadBuilder
kotlin.jvm.internal.TypeIntrinsics
kotlin.jvm.internal.TypeParameterReference$Companion$WhenMappings
kotlin.jvm.internal.TypeParameterReference$Companion
kotlin.jvm.internal.TypeParameterReference
kotlin.jvm.internal.TypeReference$Companion
kotlin.jvm.internal.TypeReference$WhenMappings
kotlin.jvm.internal.TypeReference$asString$args$1
kotlin.jvm.internal.TypeReference
kotlin.jvm.internal.markers.KMappedMarker
kotlin.jvm.internal.markers.KMutableCollection
kotlin.jvm.internal.markers.KMutableIterable
kotlin.jvm.internal.markers.KMutableIterator
kotlin.jvm.internal.markers.KMutableList
kotlin.jvm.internal.markers.KMutableListIterator
kotlin.jvm.internal.markers.KMutableMap$Entry
kotlin.jvm.internal.markers.KMutableMap
kotlin.jvm.internal.markers.KMutableSet
kotlin.jvm.internal.unsafe.MonitorKt
kotlin.jvm.jdk8.JvmRepeatableKt
kotlin.jvm.optionals.OptionalsKt
kotlin.math.Constants